<?xml version="1.0" encoding="UTF-8"?>
<!-- Generated by org.testng.reporters.JUnitReportReporter -->
<testsuite hostname="Sayed-Sadat" failures="0" tests="7" name="api_Testing.PostRequests" time="3.244" errors="0" timestamp="2023-09-26T13:08:06 PDT" skipped="6">
  <testcase classname="api_Testing.PostRequests" name="CreateUserWithPojo" time="3.244"/>
  <system-out/>
  <testcase classname="api_Testing.PostRequests" name="createUsers2">
    <skipped/>
  </testcase> <!-- createUsers2 -->
  <system-out/>
  <testcase classname="api_Testing.PostRequests" name="createUser1">
    <skipped/>
  </testcase> <!-- createUser1 -->
  <system-out/>
  <testcase classname="api_Testing.PostRequests" name="createUser4">
    <skipped/>
  </testcase> <!-- createUser4 -->
  <system-out/>
  <testcase classname="api_Testing.PostRequests" name="createUser3">
    <skipped/>
  </testcase> <!-- createUser3 -->
  <system-out/>
  <testcase classname="api_Testing.PostRequests" name="createUser6">
    <skipped/>
  </testcase> <!-- createUser6 -->
  <system-out/>
  <testcase classname="api_Testing.PostRequests" name="createUser5">
    <skipped/>
  </testcase> <!-- createUser5 -->
  <system-out/>
</testsuite> <!-- api_Testing.PostRequests -->
