<?xml version="1.0" encoding="UTF-8"?>
<!-- Generated by org.testng.reporters.JUnitReportReporter -->
<testsuite hostname="Sayed-Sadat" failures="0" tests="2" name="api_Testing.ExtractFieldValueFromResponse" time="3.177" errors="0" timestamp="2023-09-26T14:27:41 PDT" skipped="1">
  <testcase classname="api_Testing.ExtractFieldValueFromResponse" name="JsonResponseValidation" time="3.177"/>
  <system-out/>
  <testcase classname="api_Testing.ExtractFieldValueFromResponse" name="getAllUsers">
    <skipped/>
  </testcase> <!-- getAllUsers -->
  <system-out/>
</testsuite> <!-- api_Testing.ExtractFieldValueFromResponse -->
