<?xml version="1.0" encoding="UTF-8"?>
<!-- Generated by org.testng.reporters.JUnitReportReporter -->
<testsuite hostname="Sayed-Sadat" failures="0" tests="1" name="tests.DeleteUser" time="2.284" errors="0" timestamp="2023-09-29T17:40:30 PDT" skipped="0">
  <testcase classname="tests.DeleteUser" name="deletUser" time="2.284"/>
</testsuite> <!-- tests.DeleteUser -->
