<?xml version="1.0" encoding="UTF-8"?>
<!-- Generated by org.testng.reporters.JUnitReportReporter -->
<testsuite hostname="Sayed-Sadat" failures="0" tests="3" name="Http_methods.GetRequest" time="2.713" errors="0" timestamp="2023-10-09T16:00:15 PDT" skipped="2">
  <testcase classname="Http_methods.GetRequest" name="deleteUser" time="2.713"/>
  <testcase classname="Http_methods.GetRequest" name="getUsers">
    <skipped/>
  </testcase> <!-- getUsers -->
  <testcase classname="Http_methods.GetRequest" name="singleUser">
    <skipped/>
  </testcase> <!-- singleUser -->
</testsuite> <!-- Http_methods.GetRequest -->
