<?xml version="1.0" encoding="UTF-8"?>
<!-- Generated by org.testng.reporters.JUnitReportReporter -->
<testsuite hostname="Sayed-Sadat" failures="0" tests="3" name="api_Testing.GetRequest" time="2.650" errors="0" timestamp="2023-09-25T16:31:22 PDT" skipped="2">
  <testcase classname="api_Testing.GetRequest" name="getUsers" time="2.650"/>
  <system-out/>
  <testcase classname="api_Testing.GetRequest" name="singleUser">
    <skipped/>
  </testcase> <!-- singleUser -->
  <system-out/>
  <testcase classname="api_Testing.GetRequest" name="params">
    <skipped/>
  </testcase> <!-- params -->
  <system-out/>
</testsuite> <!-- api_Testing.GetRequest -->
