<?xml version="1.0" encoding="UTF-8"?>
<!-- Generated by org.testng.reporters.JUnitReportReporter -->
<testsuite hostname="Sayed-Sadat" failures="0" tests="2" name="tests.Assertions" time="3.337" errors="0" timestamp="2023-09-30T13:10:32 PDT" skipped="1">
  <testcase classname="tests.Assertions" name="getSingleUser" time="3.337"/>
  <testcase classname="tests.Assertions" name="getAllUsers">
    <skipped/>
  </testcase> <!-- getAllUsers -->
</testsuite> <!-- tests.Assertions -->
