<?xml version="1.0" encoding="UTF-8"?>
<!-- Generated by org.testng.reporters.JUnitReportReporter -->
<testsuite hostname="Sayed-Sadat" failures="0" tests="3" name="validation_tests.JsonResponseBodyValidation" time="3.165" errors="0" timestamp="2023-10-17T15:39:04 PDT" skipped="2">
  <testcase classname="validation_tests.JsonResponseBodyValidation" name="jsonResponseValidation1" time="3.165"/>
  <testcase classname="validation_tests.JsonResponseBodyValidation" name="jsonResponseBodyValidation">
    <skipped/>
  </testcase> <!-- jsonResponseBodyValidation -->
  <testcase classname="validation_tests.JsonResponseBodyValidation" name="jsonBodyValidation2">
    <skipped/>
  </testcase> <!-- jsonBodyValidation2 -->
</testsuite> <!-- validation_tests.JsonResponseBodyValidation -->
