<?xml version="1.0" encoding="UTF-8"?>
<!-- Generated by org.testng.reporters.JUnitReportReporter -->
<testsuite hostname="Sayed-Sadat" failures="0" tests="3" name="tests.GetUser_And_ValidateJsonResponseBody" time="4.201" errors="0" timestamp="2023-09-28T18:32:13 PDT" skipped="0">
  <testcase classname="tests.GetUser_And_ValidateJsonResponseBody" name="getAllUsers" time="0.245"/>
  <testcase classname="tests.GetUser_And_ValidateJsonResponseBody" name="ValidateJsonResponse" time="3.749"/>
  <testcase classname="tests.GetUser_And_ValidateJsonResponseBody" name="getSingleUser" time="0.207"/>
</testsuite> <!-- tests.GetUser_And_ValidateJsonResponseBody -->
