<?xml version="1.0" encoding="UTF-8"?>
<!-- Generated by org.testng.reporters.JUnitReportReporter -->
<testsuite hostname="Sayed-Sadat" failures="0" tests="2" name="Http_methods.ExtractFieldValueFromResponse" time="3.825" errors="0" timestamp="2023-10-10T14:05:52 PDT" skipped="1">
  <testcase classname="Http_methods.ExtractFieldValueFromResponse" name="JsonResponseValidation" time="3.825"/>
  <testcase classname="Http_methods.ExtractFieldValueFromResponse" name="getAllUsers">
    <skipped/>
  </testcase> <!-- getAllUsers -->
</testsuite> <!-- Http_methods.ExtractFieldValueFromResponse -->
