<?xml version="1.0" encoding="UTF-8"?>
<!-- Generated by org.testng.reporters.JUnitReportReporter -->
<testsuite hostname="Sayed-Sadat" failures="0" tests="4" name="Http_methods.Get_Put_Requests" time="2.454" errors="0" timestamp="2023-10-10T10:43:18 PDT" skipped="3">
  <testcase classname="Http_methods.Get_Put_Requests" name="updateUser" time="2.454"/>
  <testcase classname="Http_methods.Get_Put_Requests" name="getUsers">
    <skipped/>
  </testcase> <!-- getUsers -->
  <testcase classname="Http_methods.Get_Put_Requests" name="singleUser">
    <skipped/>
  </testcase> <!-- singleUser -->
  <testcase classname="Http_methods.Get_Put_Requests" name="createUser1">
    <skipped/>
  </testcase> <!-- createUser1 -->
</testsuite> <!-- Http_methods.Get_Put_Requests -->
