<?xml version="1.0" encoding="UTF-8"?>
<!-- Generated by org.testng.reporters.JUnitReportReporter -->
<testsuite hostname="Sayed-Sadat" failures="0" tests="7" name="Http_methods.PostRequests" time="3.538" errors="0" timestamp="2023-10-10T10:31:13 PDT" skipped="6">
  <testcase classname="Http_methods.PostRequests" name="CreateUserWithPojo" time="3.538"/>
  <testcase classname="Http_methods.PostRequests" name="createUser1">
    <skipped/>
  </testcase> <!-- createUser1 -->
  <testcase classname="Http_methods.PostRequests" name="createUser6">
    <skipped/>
  </testcase> <!-- createUser6 -->
  <testcase classname="Http_methods.PostRequests" name="createUser3">
    <skipped/>
  </testcase> <!-- createUser3 -->
  <testcase classname="Http_methods.PostRequests" name="createUsers2">
    <skipped/>
  </testcase> <!-- createUsers2 -->
  <testcase classname="Http_methods.PostRequests" name="createUser5">
    <skipped/>
  </testcase> <!-- createUser5 -->
  <testcase classname="Http_methods.PostRequests" name="createUser4">
    <skipped/>
  </testcase> <!-- createUser4 -->
</testsuite> <!-- Http_methods.PostRequests -->
