<?xml version="1.0" encoding="UTF-8"?>
<!-- Generated by org.testng.reporters.JUnitReportReporter -->
<testsuite hostname="Sayed-Sadat" failures="0" tests="1" name="Http_methods.JsonSchemaValidation" time="3.164" errors="0" timestamp="2023-10-11T16:25:42 PDT" skipped="0">
  <testcase classname="Http_methods.JsonSchemaValidation" name="jsonSchemavalidation" time="3.164"/>
</testsuite> <!-- Http_methods.JsonSchemaValidation -->
