<?xml version="1.0" encoding="UTF-8"?>
<!-- Generated by org.testng.reporters.JUnitReportReporter -->
<testsuite hostname="Sayed-Sadat" failures="0" tests="1" name="tests.OptimizedTests" time="3.062" errors="0" timestamp="2023-09-30T08:08:17 PDT" skipped="0">
  <testcase classname="tests.OptimizedTests" name="getSingleUser" time="3.062"/>
</testsuite> <!-- tests.OptimizedTests -->
