<?xml version="1.0" encoding="UTF-8"?>
<!-- Generated by org.testng.reporters.JUnitReportReporter -->
<testsuite hostname="Sayed-Sadat" failures="0" tests="3" name="Http_methods.Get_Delete_Requests" time="2.600" errors="0" timestamp="2023-10-10T15:17:05 PDT" skipped="2">
  <testcase classname="Http_methods.Get_Delete_Requests" name="getUsers" time="2.600"/>
  <testcase classname="Http_methods.Get_Delete_Requests" name="deleteUser">
    <skipped/>
  </testcase> <!-- deleteUser -->
  <testcase classname="Http_methods.Get_Delete_Requests" name="singleUser">
    <skipped/>
  </testcase> <!-- singleUser -->
</testsuite> <!-- Http_methods.Get_Delete_Requests -->
