<?xml version="1.0" encoding="UTF-8"?>
<!-- Generated by org.testng.reporters.JUnitReportReporter -->
<testsuite hostname="Sayed-Sadat" failures="0" tests="2" name="validation_tests.ExtractFieldValueFromResponse" time="3.466" errors="0" timestamp="2023-10-17T13:46:54 PDT" skipped="1">
  <testcase classname="validation_tests.ExtractFieldValueFromResponse" name="JsonResponseValidation" time="3.466"/>
  <testcase classname="validation_tests.ExtractFieldValueFromResponse" name="getAllUsers">
    <skipped/>
  </testcase> <!-- getAllUsers -->
</testsuite> <!-- validation_tests.ExtractFieldValueFromResponse -->
